#-----------------------------------------------------------
# Vivado v2024.2 (64-bit)
# SW Build 5239630 on Fri Nov 08 22:35:27 MST 2024
# IP Build 5239520 on Sun Nov 10 16:12:51 MST 2024
# SharedData Build 5239561 on Fri Nov 08 14:39:27 MST 2024
# Start of session at: Sat Sep  6 23:57:48 2025
# Process ID         : 78240
# Current directory  : C:/Work/verilogLearning/7.UART_TX/tx updated
# Command line       : vivado.exe -gui_launcher_event rodinguilauncherevent78272 C:\Work\verilogLearning\7.UART_TX\tx updated\uart_byte_tx.xpr
# Log file           : C:/Work/verilogLearning/7.UART_TX/tx updated/vivado.log
# Journal file       : C:/Work/verilogLearning/7.UART_TX/tx updated\vivado.jou
# Running On         : LAPTOP-JVMT8J7E
# Platform           : Windows Server 2016 or Windows 10
# Operating System   : 26100
# Processor Detail   : AMD Ryzen 7 5800H with Radeon Graphics         
# CPU Frequency      : 3194 MHz
# CPU Physical cores : 8
# CPU Logical cores  : 16
# Host memory        : 16558 MB
# Swap memory        : 23622 MB
# Total Virtual      : 40180 MB
# Available Virtual  : 7795 MB
#-----------------------------------------------------------
start_gui
open_project {C:/Work/verilogLearning/7.UART_TX/tx updated/uart_byte_tx.xpr}
INFO: [Project 1-313] Project file moved from 'E:/mei/uart_byte_tx' since last save.
WARNING: [filemgmt 56-3] IPUserFilesDir: Could not find the directory 'C:/Work/verilogLearning/7.UART_TX/tx updated/uart_byte_tx.ip_user_files'.
Scanning sources...
Finished scanning sources
WARNING: [Project 1-509] GeneratedRun file for 'synth_1' not found
WARNING: [Project 1-509] GeneratedRun file for 'impl_1' not found
INFO: [Project 1-230] Project 'uart_byte_tx.xpr' upgraded for this version of Vivado.
INFO: [IP_Flow 19-234] Refreshing IP repositories
INFO: [IP_Flow 19-1704] No user IP repositories specified
INFO: [IP_Flow 19-2313] Loaded Vivado IP repository 'C:/Vivado/2024.2/data/ip'.
upgrade_project -migrate_output_products
update_compile_order -fileset sources_1
exit
INFO: [Common 17-206] Exiting Vivado at Sun Sep  7 00:38:10 2025...
